<?xml version="1.0" encoding="UTF-8"?>
<!-- Generated by org.testng.reporters.JUnitXMLReporter -->
<testsuite ignored="1" hostname="DESKTOP-OBE06FL" failures="0" tests="2" name="Surefire test" time="2.594" errors="0" timestamp="2025-01-09T22:10:52 AEDT">
  <testcase classname="com.cmccarthyirl.ui.test.UITest" name="searchForExactTitle" time="0.988"/>
  <testcase classname="com.cmccarthyirl.ui.test.UITest" name="searchForPartialTitle" time="0.785"/>
  <testcase classname="com.cmccarthyirl.ui.test.BaseUITests" name="@BeforeSuite setUp" time="0.0">
    <ignored/>
  </testcase> <!-- @BeforeSuite setUp -->
</testsuite> <!-- Surefire test -->
