<?xml version="1.0" encoding="UTF-8"?>
<!-- Generated by org.testng.reporters.JUnitXMLReporter -->
<testsuite ignored="1" hostname="DESKTOP-OBE06FL" failures="0" tests="2" name="Surefire test" time="4.757" errors="0" timestamp="2025-01-08T14:29:12 AEDT">
  <testcase classname="com.cmccarthyirl.ui.test.UITest" name="searchForExactTitle" time="3.594"/>
  <testcase classname="com.cmccarthyirl.ui.test.UITest" name="searchForPartialTitle" time="0.548"/>
  <testcase classname="com.cmccarthyirl.ui.test.BaseUITests" name="@BeforeSuite setUp" time="0.0">
    <ignored/>
  </testcase> <!-- @BeforeSuite setUp -->
</testsuite> <!-- Surefire test -->
