<?xml version="1.0" encoding="UTF-8"?>
<!-- Generated by org.testng.reporters.JUnitXMLReporter -->
<testsuite ignored="2" hostname="DESKTOP-OBE06FL" failures="0" tests="2" name="Surefire test" time="2.598" errors="0" timestamp="2025-01-10T00:33:10 AEDT">
  <testcase classname="com.cmccarthyirl.api.test.WeatherAPITest" name="testGetWeatherForDublin" time="2.064"/>
  <testcase classname="com.cmccarthyirl.api.test.WeatherAPITest" name="testGetWeatherForSydney" time="0.287"/>
  <testcase classname="com.cmccarthyirl.api.test.BaseAPITests" name="@AfterSuite afterAll" time="0.0">
    <ignored/>
  </testcase> <!-- @AfterSuite afterAll -->
  <testcase classname="com.cmccarthyirl.api.test.BaseAPITests" name="@BeforeSuite beforeSuite" time="0.0">
    <ignored/>
  </testcase> <!-- @BeforeSuite beforeSuite -->
</testsuite> <!-- Surefire test -->
