<?xml version="1.0" encoding="UTF-8"?>
<!-- Generated by org.testng.reporters.JUnitXMLReporter -->
<testsuite ignored="2" hostname="DESKTOP-OBE06FL" failures="0" tests="2" name="Surefire test" time="1.467" errors="0" timestamp="2025-01-08T14:29:18 AEDT">
  <testcase classname="com.cmccarthyirl.api.test.WeatherAPITest" name="testGetWeatherForDublin" time="1.176"/>
  <testcase classname="com.cmccarthyirl.api.test.WeatherAPITest" name="testGetWeatherForSydney" time="0.103"/>
  <testcase classname="com.cmccarthyirl.api.test.BaseAPITests" name="@BeforeSuite beforeAll" time="0.0">
    <ignored/>
  </testcase> <!-- @BeforeSuite beforeAll -->
  <testcase classname="com.cmccarthyirl.api.test.BaseAPITests" name="@AfterSuite afterAll" time="0.0">
    <ignored/>
  </testcase> <!-- @AfterSuite afterAll -->
</testsuite> <!-- Surefire test -->
