<?xml version="1.0" encoding="UTF-8"?>
<testng-results ignored="0" total="2" passed="2" failed="0" skipped="0">
  <reporter-output>
  </reporter-output>
  <suite started-at="2025-01-08T14:29:17 AEDT" name="Surefire suite" finished-at="2025-01-08T14:29:18 AEDT" duration-ms="1467">
    <groups>
    </groups>
    <test started-at="2025-01-08T14:29:17 AEDT" name="Surefire test" finished-at="2025-01-08T14:29:18 AEDT" duration-ms="1467">
      <class name="com.cmccarthyirl.api.test.BaseAPITests">
        <test-method is-config="true" signature="beforeAll()[pri:0, instance:com.cmccarthyirl.api.test.BaseAPITests@97e93f1]" started-at="2025-01-08T14:29:14 AEDT" name="beforeAll" finished-at="2025-01-08T14:29:17 AEDT" duration-ms="3344" status="PASS">
          <reporter-output>
          </reporter-output>
        </test-method> <!-- beforeAll -->
        <test-method is-config="true" signature="afterAll()[pri:0, instance:com.cmccarthyirl.api.test.BaseAPITests@97e93f1]" started-at="2025-01-08T14:29:18 AEDT" name="afterAll" finished-at="2025-01-08T14:29:19 AEDT" duration-ms="209" status="PASS">
          <reporter-output>
          </reporter-output>
        </test-method> <!-- afterAll -->
      </class> <!-- com.cmccarthyirl.api.test.BaseAPITests -->
      <class name="com.cmccarthyirl.api.test.WeatherAPITest">
        <test-method is-config="true" signature="beforeMethod(java.lang.reflect.Method,org.testng.ITestContext,org.testng.ITestResult)[pri:0, instance:com.cmccarthyirl.api.test.WeatherAPITest@2657d4dd]" started-at="2025-01-08T14:29:17 AEDT" name="beforeMethod" finished-at="2025-01-08T14:29:17 AEDT" duration-ms="156" status="PASS">
          <params>
            <param index="0">
              <value>
                <![CDATA[public void com.cmccarthyirl.api.test.WeatherAPITest.testGetWeatherForDublin()]]>
              </value>
            </param>
            <param index="1">
              <value>
                <![CDATA[org.testng.TestRunner@4fcc0416]]>
              </value>
            </param>
            <param index="2">
              <value>
                <![CDATA[[TestResult name={null} status=CREATED method=WeatherAPITest.testGetWeatherForDublin()[pri:0, instance:com.cmccarthyirl.api.test.WeatherAPITest@2657d4dd] output={null}]]]>
              </value>
            </param>
          </params>
          <reporter-output>
          </reporter-output>
        </test-method> <!-- beforeMethod -->
        <test-method signature="testGetWeatherForDublin()[pri:0, instance:com.cmccarthyirl.api.test.WeatherAPITest@2657d4dd]" started-at="2025-01-08T14:29:17 AEDT" name="testGetWeatherForDublin" finished-at="2025-01-08T14:29:18 AEDT" duration-ms="1176" status="PASS">
          <reporter-output>
          </reporter-output>
        </test-method> <!-- testGetWeatherForDublin -->
        <test-method is-config="true" signature="beforeMethod(java.lang.reflect.Method,org.testng.ITestContext,org.testng.ITestResult)[pri:0, instance:com.cmccarthyirl.api.test.WeatherAPITest@2657d4dd]" started-at="2025-01-08T14:29:18 AEDT" name="beforeMethod" finished-at="2025-01-08T14:29:18 AEDT" duration-ms="1" status="PASS">
          <params>
            <param index="0">
              <value>
                <![CDATA[public void com.cmccarthyirl.api.test.WeatherAPITest.testGetWeatherForSydney()]]>
              </value>
            </param>
            <param index="1">
              <value>
                <![CDATA[org.testng.TestRunner@4fcc0416]]>
              </value>
            </param>
            <param index="2">
              <value>
                <![CDATA[[TestResult name={null} status=CREATED method=WeatherAPITest.testGetWeatherForSydney()[pri:0, instance:com.cmccarthyirl.api.test.WeatherAPITest@2657d4dd] output={null}]]]>
              </value>
            </param>
          </params>
          <reporter-output>
          </reporter-output>
        </test-method> <!-- beforeMethod -->
        <test-method signature="testGetWeatherForSydney()[pri:0, instance:com.cmccarthyirl.api.test.WeatherAPITest@2657d4dd]" started-at="2025-01-08T14:29:18 AEDT" name="testGetWeatherForSydney" finished-at="2025-01-08T14:29:18 AEDT" duration-ms="103" status="PASS">
          <reporter-output>
          </reporter-output>
        </test-method> <!-- testGetWeatherForSydney -->
      </class> <!-- com.cmccarthyirl.api.test.WeatherAPITest -->
    </test> <!-- Surefire test -->
  </suite> <!-- Surefire suite -->
</testng-results>
