<?xml version="1.0" encoding="UTF-8"?>
<testsuite xmlns:xsi="http://www.w3.org/2001/XMLSchema-instance" xsi:noNamespaceSchemaLocation="https://maven.apache.org/surefire/maven-surefire-plugin/xsd/surefire-test-report-3.0.xsd" version="3.0" name="TestSuite" time="7.447" tests="2" errors="0" skipped="0" failures="0">
  <properties>
[...]
</properties>
  <testcase name="testGetWeatherForDublin" classname="com.cmccarthyirl.api.test.WeatherAPITest" time="1.869">
    <system-out><![CDATA[&amp#27;[34m[2025-01-09 21:51:13,151]&amp#27;[0;39m [main] &amp#27;[34m[com.cmccarthyirl.common.XrayTestListener]:&amp#27;[0;39m &amp#27;[32m============= Starting test: testGetWeatherForDublin =============
&amp#27;[0;39m&amp#27;[34m[2025-01-09 21:51:15,027]&amp#27;[0;39m [main] &amp#27;[34m[com.cmccarthyirl.api.test.WeatherAPITest]:&amp#27;[0;39m &amp#27;[32mThe weather for Dublin is: {"coord":{"lon":-121.9358,"lat":37.7021},"weather":[{"id":800,"main":"Clear","description":"clear sky","icon":"01n"}],"base":"stations","main":{"temp":281.65,"feels_like":281.65,"temp_min":279.46,"temp_max":284.4,"pressure":1022,"humidity":62,"sea_level":1022,"grnd_level":996},"visibility":10000,"wind":{"speed":0,"deg":0},"clouds":{"all":0},"dt":1736419873,"sys":{"type":2,"id":2005759,"country":"US","sunrise":1736436177,"sunset":1736471200},"timezone":-28800,"id":5344157,"name":"Dublin","cod":200}
&amp#27;[0;39m]]></system-out>
    <system-err><![CDATA[SLF4J(I): Connected with provider of type [ch.qos.logback.classic.spi.LogbackServiceProvider]
]]></system-err>
  </testcase>
  <testcase name="testGetWeatherForSydney" classname="com.cmccarthyirl.api.test.WeatherAPITest" time="0.22">
    <system-out><![CDATA[&amp#27;[34m[2025-01-09 21:51:15,040]&amp#27;[0;39m [main] &amp#27;[34m[com.cmccarthyirl.common.XrayTestListener]:&amp#27;[0;39m &amp#27;[32m============= Passed test: testGetWeatherForDublin ==============
&amp#27;[0;39m&amp#27;[34m[2025-01-09 21:51:15,044]&amp#27;[0;39m [main] &amp#27;[34m[com.cmccarthyirl.common.XrayTestListener]:&amp#27;[0;39m &amp#27;[32m============= Starting test: testGetWeatherForSydney =============
&amp#27;[0;39m&amp#27;[34m[2025-01-09 21:51:15,265]&amp#27;[0;39m [main] &amp#27;[34m[com.cmccarthyirl.api.test.WeatherAPITest]:&amp#27;[0;39m &amp#27;[32mThe weather for Sydney is: {"coord":{"lon":151.2073,"lat":-33.8679},"weather":[{"id":801,"main":"Clouds","description":"few clouds","icon":"02n"}],"base":"stations","main":{"temp":294.23,"feels_like":294.61,"temp_min":293.4,"temp_max":295.02,"pressure":1016,"humidity":85,"sea_level":1016,"grnd_level":1010},"visibility":10000,"wind":{"speed":3.6,"deg":140},"clouds":{"all":20},"dt":1736419205,"sys":{"type":2,"id":2018875,"country":"AU","sunrise":1736362443,"sunset":1736413788},"timezone":39600,"id":2147714,"name":"Sydney","cod":200}
&amp#27;[0;39m]]></system-out>
  </testcase>
</testsuite>