<?xml version="1.0" encoding="UTF-8"?>
<testng-results ignored="0" total="2" passed="2" failed="0" skipped="0">
  <reporter-output>
  </reporter-output>
  <suite started-at="2025-01-10T00:33:07 AEDT" name="Surefire suite" finished-at="2025-01-10T00:33:10 AEDT" duration-ms="2598">
    <groups>
    </groups>
    <test started-at="2025-01-10T00:33:07 AEDT" name="Surefire test" finished-at="2025-01-10T00:33:10 AEDT" duration-ms="2598">
      <class name="com.cmccarthyirl.api.test.BaseAPITests">
        <test-method is-config="true" signature="beforeSuite()[pri:0, instance:com.cmccarthyirl.api.test.BaseAPITests@2a8448fa]" started-at="2025-01-10T00:33:05 AEDT" name="beforeSuite" finished-at="2025-01-10T00:33:07 AEDT" duration-ms="2563" status="PASS">
          <reporter-output>
          </reporter-output>
        </test-method> <!-- beforeSuite -->
        <test-method is-config="true" signature="afterAll()[pri:0, instance:com.cmccarthyirl.api.test.BaseAPITests@2a8448fa]" started-at="2025-01-10T00:33:10 AEDT" name="afterAll" finished-at="2025-01-10T00:33:10 AEDT" duration-ms="261" status="PASS">
          <reporter-output>
          </reporter-output>
        </test-method> <!-- afterAll -->
      </class> <!-- com.cmccarthyirl.api.test.BaseAPITests -->
      <class name="com.cmccarthyirl.api.test.WeatherAPITest">
        <test-method is-config="true" signature="beforeMethod(java.lang.reflect.Method,org.testng.ITestContext,org.testng.ITestResult)[pri:0, instance:com.cmccarthyirl.api.test.WeatherAPITest@65f8f5ae]" started-at="2025-01-10T00:33:07 AEDT" name="beforeMethod" finished-at="2025-01-10T00:33:08 AEDT" duration-ms="209" status="PASS">
          <params>
            <param index="0">
              <value>
                <![CDATA[public void com.cmccarthyirl.api.test.WeatherAPITest.testGetWeatherForDublin()]]>
              </value>
            </param>
            <param index="1">
              <value>
                <![CDATA[org.testng.TestRunner@30135202]]>
              </value>
            </param>
            <param index="2">
              <value>
                <![CDATA[[TestResult name={null} status=CREATED method=WeatherAPITest.testGetWeatherForDublin()[pri:0, instance:com.cmccarthyirl.api.test.WeatherAPITest@65f8f5ae] output={null}]]]>
              </value>
            </param>
          </params>
          <reporter-output>
          </reporter-output>
        </test-method> <!-- beforeMethod -->
        <test-method signature="testGetWeatherForDublin()[pri:0, instance:com.cmccarthyirl.api.test.WeatherAPITest@65f8f5ae]" started-at="2025-01-10T00:33:08 AEDT" name="testGetWeatherForDublin" finished-at="2025-01-10T00:33:10 AEDT" duration-ms="2064" status="PASS">
          <reporter-output>
          </reporter-output>
        </test-method> <!-- testGetWeatherForDublin -->
        <test-method is-config="true" signature="beforeMethod(java.lang.reflect.Method,org.testng.ITestContext,org.testng.ITestResult)[pri:0, instance:com.cmccarthyirl.api.test.WeatherAPITest@65f8f5ae]" started-at="2025-01-10T00:33:10 AEDT" name="beforeMethod" finished-at="2025-01-10T00:33:10 AEDT" duration-ms="0" status="PASS">
          <params>
            <param index="0">
              <value>
                <![CDATA[public void com.cmccarthyirl.api.test.WeatherAPITest.testGetWeatherForSydney()]]>
              </value>
            </param>
            <param index="1">
              <value>
                <![CDATA[org.testng.TestRunner@30135202]]>
              </value>
            </param>
            <param index="2">
              <value>
                <![CDATA[[TestResult name={null} status=CREATED method=WeatherAPITest.testGetWeatherForSydney()[pri:0, instance:com.cmccarthyirl.api.test.WeatherAPITest@65f8f5ae] output={null}]]]>
              </value>
            </param>
          </params>
          <reporter-output>
          </reporter-output>
        </test-method> <!-- beforeMethod -->
        <test-method signature="testGetWeatherForSydney()[pri:0, instance:com.cmccarthyirl.api.test.WeatherAPITest@65f8f5ae]" started-at="2025-01-10T00:33:10 AEDT" name="testGetWeatherForSydney" finished-at="2025-01-10T00:33:10 AEDT" duration-ms="287" status="PASS">
          <reporter-output>
          </reporter-output>
        </test-method> <!-- testGetWeatherForSydney -->
      </class> <!-- com.cmccarthyirl.api.test.WeatherAPITest -->
    </test> <!-- Surefire test -->
  </suite> <!-- Surefire suite -->
</testng-results>
