<?xml version="1.0" encoding="UTF-8"?>
<testsuite xmlns:xsi="http://www.w3.org/2001/XMLSchema-instance" xsi:noNamespaceSchemaLocation="https://maven.apache.org/surefire/maven-surefire-plugin/xsd/surefire-test-report-3.0.xsd" version="3.0" name="TestSuite" time="6.581" tests="2" errors="0" skipped="0" failures="0">
  <properties>
[...]
</properties>
  <testcase name="searchForExactTitle" classname="com.cmccarthyirl.ui.test.UITest" time="1.05">
    <system-out><![CDATA[&amp#27;[34m[2025-01-10 00:32:59,584]&amp#27;[0;39m [main] &amp#27;[34m[com.cmccarthyirl.ui.utils.PlaywrightManager]:&amp#27;[0;39m &amp#27;[32mCreated a browser for: chrome
&amp#27;[0;39m&amp#27;[34m[2025-01-10 00:33:00,545]&amp#27;[0;39m [main] &amp#27;[34m[com.cmccarthyirl.common.XrayTestListener]:&amp#27;[0;39m &amp#27;[32m============= Starting test: searchForExactTitle =============
&amp#27;[0;39m&amp#27;[34m[2025-01-10 00:33:01,058]&amp#27;[0;39m [main] &amp#27;[34m[com.cmccarthyirl.ui.test.UITest]:&amp#27;[0;39m &amp#27;[32mThe user navigated to: https://automationbookstore.dev/
&amp#27;[0;39m&amp#27;[34m[2025-01-10 00:33:01,168]&amp#27;[0;39m [main] &amp#27;[34m[com.cmccarthyirl.ui.page.SearchPage]:&amp#27;[0;39m &amp#27;[32mThe user cleared the search field
&amp#27;[0;39m&amp#27;[34m[2025-01-10 00:33:01,262]&amp#27;[0;39m [main] &amp#27;[34m[com.cmccarthyirl.ui.page.SearchPage]:&amp#27;[0;39m &amp#27;[32mThe user searched for Agile Testing
&amp#27;[0;39m&amp#27;[34m[2025-01-10 00:33:01,525]&amp#27;[0;39m [main] &amp#27;[34m[com.cmccarthyirl.ui.test.UITest]:&amp#27;[0;39m &amp#27;[32mThe search results contained: 1 book
&amp#27;[0;39m&amp#27;[34m[2025-01-10 00:33:01,569]&amp#27;[0;39m [main] &amp#27;[34m[com.cmccarthyirl.ui.test.UITest]:&amp#27;[0;39m &amp#27;[32mThe book's title is: [Agile Testing]
&amp#27;[0;39m]]></system-out>
    <system-err><![CDATA[SLF4J(I): Connected with provider of type [ch.qos.logback.classic.spi.LogbackServiceProvider]
]]></system-err>
  </testcase>
  <testcase name="searchForPartialTitle" classname="com.cmccarthyirl.ui.test.UITest" time="0.665">
    <system-out><![CDATA[&amp#27;[34m[2025-01-10 00:33:01,596]&amp#27;[0;39m [main] &amp#27;[34m[com.cmccarthyirl.common.XrayTestListener]:&amp#27;[0;39m &amp#27;[32m============= Passed test: searchForExactTitle ==============
&amp#27;[0;39m&amp#27;[34m[2025-01-10 00:33:01,600]&amp#27;[0;39m [main] &amp#27;[34m[com.cmccarthyirl.common.XrayTestListener]:&amp#27;[0;39m &amp#27;[32m============= Starting test: searchForPartialTitle =============
&amp#27;[0;39m&amp#27;[34m[2025-01-10 00:33:01,773]&amp#27;[0;39m [main] &amp#27;[34m[com.cmccarthyirl.ui.test.UITest]:&amp#27;[0;39m &amp#27;[32m The user navigated to: https://automationbookstore.dev/
&amp#27;[0;39m&amp#27;[34m[2025-01-10 00:33:01,882]&amp#27;[0;39m [main] &amp#27;[34m[com.cmccarthyirl.ui.page.SearchPage]:&amp#27;[0;39m &amp#27;[32mThe user cleared the search field
&amp#27;[0;39m&amp#27;[34m[2025-01-10 00:33:01,961]&amp#27;[0;39m [main] &amp#27;[34m[com.cmccarthyirl.ui.page.SearchPage]:&amp#27;[0;39m &amp#27;[32mThe user searched for Test
&amp#27;[0;39m&amp#27;[34m[2025-01-10 00:33:02,194]&amp#27;[0;39m [main] &amp#27;[34m[com.cmccarthyirl.ui.test.UITest]:&amp#27;[0;39m &amp#27;[32mVerify the expected books were returned: [Test Automation in the Real World, Experiences of Test Automation, Agile Testing, How Google Tests Software, Java For Testers]
&amp#27;[0;39m]]></system-out>
  </testcase>
</testsuite>