<?xml version="1.0" encoding="UTF-8"?>
<testng-results ignored="0" total="2" passed="2" failed="0" skipped="0">
  <reporter-output>
  </reporter-output>
  <suite started-at="2025-01-08T14:29:07 AEDT" name="Surefire suite" finished-at="2025-01-08T14:29:12 AEDT" duration-ms="4757">
    <groups>
    </groups>
    <test started-at="2025-01-08T14:29:07 AEDT" name="Surefire test" finished-at="2025-01-08T14:29:12 AEDT" duration-ms="4757">
      <class name="com.cmccarthyirl.ui.test.BaseUITests">
        <test-method is-config="true" signature="setUp()[pri:0, instance:com.cmccarthyirl.ui.test.BaseUITests@782859e]" started-at="2025-01-08T14:29:03 AEDT" name="setUp" finished-at="2025-01-08T14:29:07 AEDT" duration-ms="3823" status="PASS">
          <reporter-output>
          </reporter-output>
        </test-method> <!-- setUp -->
      </class> <!-- com.cmccarthyirl.ui.test.BaseUITests -->
      <class name="com.cmccarthyirl.ui.test.UITest">
        <test-method is-config="true" signature="beforeMethod(java.lang.reflect.Method,org.testng.ITestContext,org.testng.ITestResult)[pri:0, instance:com.cmccarthyirl.ui.test.UITest@69504ae9]" started-at="2025-01-08T14:29:07 AEDT" name="beforeMethod" finished-at="2025-01-08T14:29:07 AEDT" duration-ms="163" status="PASS">
          <params>
            <param index="0">
              <value>
                <![CDATA[public void com.cmccarthyirl.ui.test.UITest.searchForExactTitle()]]>
              </value>
            </param>
            <param index="1">
              <value>
                <![CDATA[org.testng.TestRunner@53692008]]>
              </value>
            </param>
            <param index="2">
              <value>
                <![CDATA[[TestResult name={null} status=CREATED method=UITest.searchForExactTitle()[pri:0, instance:com.cmccarthyirl.ui.test.UITest@69504ae9] output={null}]]]>
              </value>
            </param>
          </params>
          <reporter-output>
          </reporter-output>
        </test-method> <!-- beforeMethod -->
        <test-method signature="searchForExactTitle()[pri:0, instance:com.cmccarthyirl.ui.test.UITest@69504ae9]" started-at="2025-01-08T14:29:07 AEDT" name="searchForExactTitle" finished-at="2025-01-08T14:29:11 AEDT" duration-ms="3594" status="PASS">
          <reporter-output>
          </reporter-output>
        </test-method> <!-- searchForExactTitle -->
        <test-method signature="searchForPartialTitle()[pri:0, instance:com.cmccarthyirl.ui.test.UITest@69504ae9]" started-at="2025-01-08T14:29:11 AEDT" name="searchForPartialTitle" finished-at="2025-01-08T14:29:11 AEDT" duration-ms="548" status="PASS">
          <reporter-output>
          </reporter-output>
        </test-method> <!-- searchForPartialTitle -->
        <test-method is-config="true" signature="beforeMethod(java.lang.reflect.Method,org.testng.ITestContext,org.testng.ITestResult)[pri:0, instance:com.cmccarthyirl.ui.test.UITest@69504ae9]" started-at="2025-01-08T14:29:11 AEDT" name="beforeMethod" finished-at="2025-01-08T14:29:11 AEDT" duration-ms="0" status="PASS">
          <params>
            <param index="0">
              <value>
                <![CDATA[public void com.cmccarthyirl.ui.test.UITest.searchForPartialTitle()]]>
              </value>
            </param>
            <param index="1">
              <value>
                <![CDATA[org.testng.TestRunner@53692008]]>
              </value>
            </param>
            <param index="2">
              <value>
                <![CDATA[[TestResult name={null} status=CREATED method=UITest.searchForPartialTitle()[pri:0, instance:com.cmccarthyirl.ui.test.UITest@69504ae9] output={null}]]]>
              </value>
            </param>
          </params>
          <reporter-output>
          </reporter-output>
        </test-method> <!-- beforeMethod -->
        <test-method is-config="true" signature="tearDown()[pri:0, instance:com.cmccarthyirl.ui.test.UITest@69504ae9]" started-at="2025-01-08T14:29:11 AEDT" name="tearDown" finished-at="2025-01-08T14:29:12 AEDT" duration-ms="426" status="PASS">
          <reporter-output>
          </reporter-output>
        </test-method> <!-- tearDown -->
      </class> <!-- com.cmccarthyirl.ui.test.UITest -->
    </test> <!-- Surefire test -->
  </suite> <!-- Surefire suite -->
</testng-results>
